16:05 [INFO] Logging configured... [ibbt.sumo.config.ContextConfig.configureLogger]
16:05 [INFO] ----------------------------------------------------------------------------------
16:05 [INFO] ----------------------------------------------------------------------------------
16:05 [INFO] ------     _____ __  ____  _______ 
16:05 [INFO] ------    / ___// / / /  |/  / __ \ 
16:05 [INFO] ------    \__ \/ / / / /|_/ / / / / 
16:05 [INFO] ------   ___/ / /_/ / /  / / /_/ / 
16:05 [INFO] ------  /____/\____/_/  /_/\____/ 
16:05 [INFO] ------
16:05 [INFO] ------ Welcome to the SUrrogate MOdeling Toolbox - SUMO Toolbox
16:05 [INFO] ------ 
16:05 [INFO] ------ Version: 7.0
16:05 [INFO] ------ Homepage: http://www.sumowiki.intec.ugent.be
16:05 [INFO] ------ 
16:05 [INFO] ------ The SUMO Toolbox is provided "AS IS", without warranty of any kind,
16:05 [INFO] ------ either expressed or implied.
16:05 [INFO] ------ 
16:05 [INFO] ------ Please Report all comments, bugs, problems, wishes, ... to:
16:05 [INFO] ------   		<sumo@intec.ugent.be>
16:05 [INFO] ------
16:05 [INFO] ------ Remember that all logging output can be found in the output directory
16:05 [INFO] ----------------------------------------------------------------------------------
16:05 [INFO] ----------------------------------------------------------------------------------
16:05 [INFO] System Configuration:
16:05 [INFO]  * Matlab version: 7.7.0.471 (R2008b)
16:05 [INFO]  * JAVA VM version: Java 1.6.0_16 with Sun Microsystems Inc. Java HotSpot(TM) Client VM mixed mode, sharing
16:05 [INFO]  * Operating System: Linux 2.6.32-trunk-686 #1 SMP Sun Jan 10 06:32:16 UTC 2010 i686
16:05 [INFO]  * Platform Architecture: i386
16:05 [INFO] System Resources:
16:05 [INFO]  * JVM Memory Usage: 108MB/124MB
16:05 [FINE] You are running the SUMO toolbox with a java heap size less than 256MB.  This might not be enough for long runs.
16:05 [INFO]  * Maximum number of computational threads: 2
16:05 [INFO] 
16:05 [INFO] 
16:05 [INFO] ***
16:05 [INFO] *** Starting run 1 of 1 at 16:05:45 on 05.03.10
16:05 [INFO] ***
16:05 [INFO] 
16:05 [FINER] Merging the extended level config with the base level config... [ibbt.sumo.config.ConfigUtil.updateConfig]
16:05 [FINE]    Base level ContextConfig with id default is not redefined at extended level, keeping it [ibbt.sumo.config.ConfigUtil.updateConfig]
16:05 [FINE]    Base level SUMO with id default is not redefined at extended level, keeping it [ibbt.sumo.config.ConfigUtil.updateConfig]
16:05 [FINE]    Base level LevelPlot with id default is not redefined at extended level, keeping it [ibbt.sumo.config.ConfigUtil.updateConfig]
16:05 [FINE]    Base level Simulator with id /u/laurent/M2/13 - Stage/code MatLab/SUMO-Toolbox-7.0/examples/3DModel/Bunny.xml is not redefined at extended level, keeping it [ibbt.sumo.config.ConfigUtil.updateConfig]
16:05 [FINE]    InitialDesign with id lhdWithCornerPoints is only defined at the extended level, keeping it [ibbt.sumo.config.ConfigUtil.updateConfig]
16:05 [FINE]    SampleSelector with id default is only defined at the extended level, keeping it [ibbt.sumo.config.ConfigUtil.updateConfig]
16:05 [FINE]    SampleEvaluator with id matlab is only defined at the extended level, keeping it [ibbt.sumo.config.ConfigUtil.updateConfig]
16:05 [FINE]    AdaptiveModelBuilder with id kriging is only defined at the extended level, keeping it [ibbt.sumo.config.ConfigUtil.updateConfig]
16:05 [FINE]    Measure with id  is only defined at the extended level, keeping it [ibbt.sumo.config.ConfigUtil.updateConfig]
16:05 [FINE]    Outputs with id  is only defined at the extended level, keeping it [ibbt.sumo.config.ConfigUtil.updateConfig]
16:05 [FINE] Starting ContexConfig object construction [ibbt.sumo.config.ContextConfig.<init>]
16:05 [FINEST] Simulator xml file resolved to /u/laurent/M2/13 - Stage/code MatLab/SUMO-Toolbox-7.0/examples/3DModel/Bunny.xml [ibbt.sumo.config.ContextConfig.resolveSimulatorFile]
16:05 [INFO] Reading simulator data from file 'Bunny.xml' [ibbt.sumo.config.SimulatorConfig.<init>]
16:05 [INFO] Loaded simulator file Bunny.xml from project directory /u/laurent/M2/13 - Stage/code MatLab/SUMO-Toolbox-7.0/examples/3DModel [ibbt.sumo.config.ContextConfig.<init>]
16:05 [FINE] Starting InputConfig object construction... [ibbt.sumo.config.BasicInputConfig.<init>]
16:05 [INFO] Simulator input dimension: 3 [ibbt.sumo.config.BasicInputConfig.<init>]
16:05 [INFO] Inputs: [Name=x Type=normal, Name=y Type=normal, Name=z Type=normal] [ibbt.sumo.config.BasicInputConfig.<init>]
16:05 [FINE] Starting OutputConfig object construction... [ibbt.sumo.config.BasicOutputConfig.<init>]
16:05 [INFO] Simulator Output Dimension: 1 [ibbt.sumo.config.BasicOutputConfig.<init>]
16:05 [SEVERE] Invalid output "out" selected, not found in the simulator Bunny.xml [ibbt.sumo.config.BasicOutputConfig.<init>]
16:05 [SEVERE] The following error was caught in SUMODriver: Java exception occurred: 
ibbt.sumo.SUMOException: Invalid output "out" selected, not found in the simulator Bunny.xml
	at ibbt.sumo.config.BasicOutputConfig.<init>(Unknown Source)
	at ibbt.sumo.config.ContextConfig.<init>(Unknown Source)
	at ibbt.sumo.config.ContextConfig.getContextConfigInstance(Unknown Source)
16:05 [SEVERE] 	In file SUMODriver.m, line 199
16:05 [SEVERE] 	Called from file go.m, line 117
16:05 [SEVERE] An error occurred, please refer to the log file in the output directory for details
